<?xml version="1.0" encoding="UTF-8"?>
<testsuites name="jest tests" tests="4" failures="0" errors="0" time="0.462">
  <testsuite name="Teste basico 2" errors="0" failures="0" skipped="0" timestamp="2024-04-20T17:00:17" time="0.372" tests="2">
    <testcase classname="Teste basico 2 Valores " name="Teste basico 2 Valores " time="0.003">
    </testcase>
    <testcase classname="Teste basico 2 CalcularCubo com string " name="Teste basico 2 CalcularCubo com string " time="0">
    </testcase>
  </testsuite>
  <testsuite name="Teste basico 1" errors="0" failures="0" skipped="0" timestamp="2024-04-20T17:00:18" time="0.045" tests="2">
    <testcase classname="Teste basico 1 Valores corretos" name="Teste basico 1 Valores corretos" time="0.001">
    </testcase>
    <testcase classname="Teste basico 1 CalcularCubo de 3 " name="Teste basico 1 CalcularCubo de 3 " time="0">
    </testcase>
  </testsuite>
</testsuites>