<?xml version="1.0" encoding="UTF-8"?>
<testsuites name="jest tests" tests="1" failures="0" errors="0" time="0.4">
  <testsuite name="Teste basico 1" errors="0" failures="0" skipped="0" timestamp="2024-04-13T00:48:03" time="0.35" tests="1">
    <testcase classname="Teste basico 1 Valores corretos" name="Teste basico 1 Valores corretos" time="0.018">
    </testcase>
  </testsuite>
</testsuites>